<?xml version="1.0" encoding="UTF-8"?>
<testng-results ignored="0" total="2" passed="2" failed="0" skipped="0">
  <reporter-output>
  </reporter-output>
  <suite started-at="2021-03-20T11:16:16 IST" name="Suite" finished-at="2021-03-20T11:16:53 IST" duration-ms="36563">
    <groups>
    </groups>
    <test started-at="2021-03-20T11:16:16 IST" name="Test" finished-at="2021-03-20T11:16:53 IST" duration-ms="36563">
      <class name="com.testcase.TC2_SignPageValidation">
        <test-method is-config="true" signature="initialsetup()[pri:0, instance:com.testcase.TC2_SignPageValidation@1ffaf86]" started-at="2021-03-20T11:16:16 IST" name="initialsetup" finished-at="2021-03-20T11:16:31 IST" duration-ms="14600" status="PASS">
          <reporter-output>
          </reporter-output>
        </test-method> <!-- initialsetup -->
        <test-method signature="signPageDisplayed()[pri:0, instance:com.testcase.TC2_SignPageValidation@1ffaf86]" started-at="2021-03-20T11:16:31 IST" name="signPageDisplayed" finished-at="2021-03-20T11:16:34 IST" duration-ms="3536" status="PASS">
          <reporter-output>
          </reporter-output>
        </test-method> <!-- signPageDisplayed -->
        <test-method is-config="true" signature="testend()[pri:0, instance:com.testcase.TC2_SignPageValidation@1ffaf86]" started-at="2021-03-20T11:16:34 IST" name="testend" finished-at="2021-03-20T11:16:36 IST" duration-ms="1809" status="PASS">
          <reporter-output>
          </reporter-output>
        </test-method> <!-- testend -->
      </class> <!-- com.testcase.TC2_SignPageValidation -->
      <class name="com.testcase.TC1_SignPageValidation">
        <test-method is-config="true" signature="initialsetup()[pri:0, instance:com.testcase.TC1_SignPageValidation@6574a52c]" started-at="2021-03-20T11:16:36 IST" name="initialsetup" finished-at="2021-03-20T11:16:48 IST" duration-ms="11822" status="PASS">
          <reporter-output>
          </reporter-output>
        </test-method> <!-- initialsetup -->
        <test-method signature="signPageDisplayed()[pri:0, instance:com.testcase.TC1_SignPageValidation@6574a52c]" started-at="2021-03-20T11:16:48 IST" name="signPageDisplayed" finished-at="2021-03-20T11:16:52 IST" duration-ms="3800" status="PASS">
          <reporter-output>
          </reporter-output>
        </test-method> <!-- signPageDisplayed -->
        <test-method is-config="true" signature="testend()[pri:0, instance:com.testcase.TC1_SignPageValidation@6574a52c]" started-at="2021-03-20T11:16:52 IST" name="testend" finished-at="2021-03-20T11:16:53 IST" duration-ms="935" status="PASS">
          <reporter-output>
          </reporter-output>
        </test-method> <!-- testend -->
      </class> <!-- com.testcase.TC1_SignPageValidation -->
    </test> <!-- Test -->
  </suite> <!-- Suite -->
</testng-results>
